[1112/105731.031:ERROR:directory_reader_win.cc(43)] FindFirstFile: The system cannot find the path specified. (0x3)
[1202/092917.074:ERROR:directory_reader_win.cc(43)] FindFirstFile: The system cannot find the path specified. (0x3)
[1220/231149.280:ERROR:directory_reader_win.cc(43)] FindFirstFile: The system cannot find the path specified. (0x3)
[1223/130039.033:ERROR:process_memory_win.cc(73)] ReadMemory at 0x7ff7de300000 of 64 bytes failed: Only part of a ReadProcessMemory or WriteProcessMemory request was completed. (0x12B)
[1223/130039.034:WARNING:pe_image_reader.cc(340)] could not read dos header from C:\Program Files (x86)\Google\Chrome\Application\chrome.exe
[1223/130039.034:ERROR:process_memory_win.cc(73)] ReadMemory at 0x7ffdc5da0000 of 64 bytes failed: Only part of a ReadProcessMemory or WriteProcessMemory request was completed. (0x12B)
[1223/130048.509:WARNING:pe_image_reader.cc(340)] could not read dos header from C:\WINDOWS\SYSTEM32\ntdll.dll
[1223/130048.509:ERROR:process_memory_win.cc(73)] ReadMemory at 0x7ffdc4bf0000 of 64 bytes failed: Only part of a ReadProcessMemory or WriteProcessMemory request was completed. (0x12B)
[1223/130048.509:WARNING:pe_image_reader.cc(340)] could not read dos header from C:\WINDOWS\System32\KERNEL32.DLL
[1223/130048.509:ERROR:process_memory_win.cc(73)] ReadMemory at 0x7ffdc2f70000 of 64 bytes failed: Only part of a ReadProcessMemory or WriteProcessMemory request was completed. (0x12B)
[1223/130048.509:WARNING:pe_image_reader.cc(340)] could not read dos header from C:\WINDOWS\System32\KERNELBASE.dll
[1223/130048.509:ERROR:process_memory_win.cc(73)] ReadMemory at 0x7ffd60b10000 of 64 bytes failed: Only part of a ReadProcessMemory or WriteProcessMemory request was completed. (0x12B)
[1223/130048.509:WARNING:pe_image_reader.cc(340)] could not read dos header from C:\Program Files (x86)\Google\Chrome\Application\87.0.4280.88\chrome_elf.dll
[1223/130048.509:ERROR:process_memory_win.cc(73)] ReadMemory at 0x7ffdbc8b0000 of 64 bytes failed: Only part of a ReadProcessMemory or WriteProcessMemory request was completed. (0x12B)
[1223/130048.509:WARNING:pe_image_reader.cc(340)] could not read dos header from C:\WINDOWS\SYSTEM32\VERSION.dll
[1223/130048.509:ERROR:process_memory_win.cc(73)] ReadMemory at 0x7ffdc5cc0000 of 64 bytes failed: Only part of a ReadProcessMemory or WriteProcessMemory request was completed. (0x12B)
[1223/130048.509:WARNING:pe_image_reader.cc(340)] could not read dos header from C:\WINDOWS\System32\msvcrt.dll
[1223/130048.509:ERROR:process_memory_win.cc(73)] ReadMemory at 0x7ffdc3ba0000 of 64 bytes failed: Only part of a ReadProcessMemory or WriteProcessMemory request was completed. (0x12B)
[1223/130048.509:WARNING:pe_image_reader.cc(340)] could not read dos header from C:\WINDOWS\System32\bcryptPrimitives.dll
[1223/130048.509:ERROR:process_memory_win.cc(73)] ReadMemory at 0x7ffdc49a0000 of 64 bytes failed: Only part of a ReadProcessMemory or WriteProcessMemory request was completed. (0x12B)
[1223/130048.509:WARNING:pe_image_reader.cc(340)] could not read dos header from C:\WINDOWS\System32\ADVAPI32.dll
[1223/130048.509:ERROR:process_memory_win.cc(73)] ReadMemory at 0x7ffdc4e00000 of 64 bytes failed: Only part of a ReadProcessMemory or WriteProcessMemory request was completed. (0x12B)
[1223/130048.509:WARNING:pe_image_reader.cc(340)] could not read dos header from C:\WINDOWS\System32\sechost.dll
[1223/130048.509:ERROR:process_memory_win.cc(73)] ReadMemory at 0x7ffdc5a00000 of 64 bytes failed: Only part of a ReadProcessMemory or WriteProcessMemory request was completed. (0x12B)
[1223/130048.509:WARNING:pe_image_reader.cc(340)] could not read dos header from C:\WINDOWS\System32\RPCRT4.dll
[1223/130048.510:ERROR:process_memory_win.cc(73)] ReadMemory at 0x7ffd33d30000 of 64 bytes failed: Only part of a ReadProcessMemory or WriteProcessMemory request was completed. (0x12B)
[1223/130048.510:WARNING:pe_image_reader.cc(340)] could not read dos header from C:\Program Files (x86)\Google\Chrome\Application\87.0.4280.88\chrome.dll
[1223/130048.510:ERROR:process_memory_win.cc(73)] ReadMemory at 0x7ffdc5050000 of 64 bytes failed: Only part of a ReadProcessMemory or WriteProcessMemory request was completed. (0x12B)
[1223/130048.510:WARNING:pe_image_reader.cc(340)] could not read dos header from C:\WINDOWS\System32\WS2_32.dll
[1223/130048.510:ERROR:process_memory_win.cc(73)] ReadMemory at 0x7ffdc3ff0000 of 64 bytes failed: Only part of a ReadProcessMemory or WriteProcessMemory request was completed. (0x12B)
[1223/130048.510:WARNING:pe_image_reader.cc(340)] could not read dos header from C:\WINDOWS\System32\OLEAUT32.dll
[1223/130048.510:ERROR:process_memory_win.cc(73)] ReadMemory at 0x7ffdc3db0000 of 64 bytes failed: Only part of a ReadProcessMemory or WriteProcessMemory request was completed. (0x12B)
[1223/130048.510:WARNING:pe_image_reader.cc(340)] could not read dos header from C:\WINDOWS\System32\msvcp_win.dll
[1223/130048.510:ERROR:process_memory_win.cc(73)] ReadMemory at 0x7ffdc2e20000 of 64 bytes failed: Only part of a ReadProcessMemory or WriteProcessMemory request was completed. (0x12B)
[1223/130048.510:WARNING:pe_image_reader.cc(340)] could not read dos header from C:\WINDOWS\System32\ucrtbase.dll
[1223/130048.510:ERROR:process_memory_win.cc(73)] ReadMemory at 0x7ffdc56c0000 of 64 bytes failed: Only part of a ReadProcessMemory or WriteProcessMemory request was completed. (0x12B)
[1223/130048.510:WARNING:pe_image_reader.cc(340)] could not read dos header from C:\WINDOWS\System32\combase.dll
[1223/130048.510:ERROR:process_memory_win.cc(73)] ReadMemory at 0x7ffdc2d10000 of 64 bytes failed: Only part of a ReadProcessMemory or WriteProcessMemory request was completed. (0x12B)
[1223/130048.510:WARNING:pe_image_reader.cc(340)] could not read dos header from C:\WINDOWS\System32\WINTRUST.dll
[1223/130048.510:ERROR:process_memory_win.cc(73)] ReadMemory at 0x7ffdc2c50000 of 64 bytes failed: Only part of a ReadProcessMemory or WriteProcessMemory request was completed. (0x12B)
[1223/130048.510:WARNING:pe_image_reader.cc(340)] could not read dos header from C:\WINDOWS\System32\MSASN1.dll
[1223/130048.510:ERROR:process_memory_win.cc(73)] ReadMemory at 0x7ffdc3c30000 of 64 bytes failed: Only part of a ReadProcessMemory or WriteProcessMemory request was completed. (0x12B)
[1223/130048.510:WARNING:pe_image_reader.cc(340)] could not read dos header from C:\WINDOWS\System32\CRYPT32.dll
[1223/130048.510:ERROR:process_memory_win.cc(73)] ReadMemory at 0x7ffdc1500000 of 64 bytes failed: Only part of a ReadProcessMemory or WriteProcessMemory request was completed. (0x12B)
[1223/130048.510:WARNING:pe_image_reader.cc(340)] could not read dos header from C:\WINDOWS\SYSTEM32\dbghelp.dll
[1223/130048.510:ERROR:process_memory_win.cc(73)] ReadMemory at 0x7ffdc2140000 of 64 bytes failed: Only part of a ReadProcessMemory or WriteProcessMemory request was completed. (0x12B)
[1223/130048.510:WARNING:pe_image_reader.cc(340)] could not read dos header from C:\WINDOWS\SYSTEM32\IPHLPAPI.DLL
[1223/130048.510:ERROR:process_memory_win.cc(73)] ReadMemory at 0x7ffdbe550000 of 64 bytes failed: Only part of a ReadProcessMemory or WriteProcessMemory request was completed. (0x12B)
[1223/130048.510:WARNING:pe_image_reader.cc(340)] could not read dos header from C:\WINDOWS\SYSTEM32\WINMM.dll
[1223/130048.510:ERROR:process_memory_win.cc(73)] ReadMemory at 0x7ffd86920000 of 64 bytes failed: Only part of a ReadProcessMemory or WriteProcessMemory request was completed. (0x12B)
[1223/130048.510:WARNING:pe_image_reader.cc(340)] could not read dos header from C:\WINDOWS\SYSTEM32\UIAutomationCore.DLL
[1223/130048.510:ERROR:process_memory_win.cc(73)] ReadMemory at 0x7ffdac470000 of 64 bytes failed: Only part of a ReadProcessMemory or WriteProcessMemory request was completed. (0x12B)
[1223/130048.510:WARNING:pe_image_reader.cc(340)] could not read dos header from C:\WINDOWS\SYSTEM32\Secur32.dll
[1223/130048.510:ERROR:process_memory_win.cc(73)] ReadMemory at 0x7ffdc2b20000 of 64 bytes failed: Only part of a ReadProcessMemory or WriteProcessMemory request was completed. (0x12B)
[1223/130048.510:WARNING:pe_image_reader.cc(340)] could not read dos header from C:\WINDOWS\SYSTEM32\USERENV.dll
[1223/130048.510:ERROR:process_memory_win.cc(73)] ReadMemory at 0x7ffdc2c70000 of 64 bytes failed: Only part of a ReadProcessMemory or WriteProcessMemory request was completed. (0x12B)
[1223/130048.510:WARNING:pe_image_reader.cc(340)] could not read dos header from C:\WINDOWS\System32\profapi.dll
[1223/130048.510:ERROR:process_memory_win.cc(73)] ReadMemory at 0x7ffdb3480000 of 64 bytes failed: Only part of a ReadProcessMemory or WriteProcessMemory request was completed. (0x12B)
[1223/130048.510:WARNING:pe_image_reader.cc(340)] could not read dos header from C:\WINDOWS\SYSTEM32\DWrite.dll
[1223/130048.510:ERROR:process_memory_win.cc(73)] ReadMemory at 0x7ffdb9cf0000 of 64 bytes failed: Only part of a ReadProcessMemory or WriteProcessMemory request was completed. (0x12B)
[1223/130048.510:WARNING:pe_image_reader.cc(340)] could not read dos header from C:\WINDOWS\SYSTEM32\WINSPOOL.DRV
[1223/130048.510:ERROR:process_memory_win.cc(73)] ReadMemory at 0x7ffdc2cf0000 of 64 bytes failed: Only part of a ReadProcessMemory or WriteProcessMemory request was completed. (0x12B)
[1223/130048.510:WARNING:pe_image_reader.cc(340)] could not read dos header from C:\WINDOWS\System32\kernel.appcore.dll
[1223/130048.511:ERROR:process_memory_win.cc(73)] ReadMemory at 0x7ffdc3220000 of 64 bytes failed: Only part of a ReadProcessMemory or WriteProcessMemory request was completed. (0x12B)
[1223/130048.511:WARNING:pe_image_reader.cc(340)] could not read dos header from C:\WINDOWS\System32\bcrypt.dll
[1223/130048.511:ERROR:process_memory_win.cc(73)] ReadMemory at 0x7ffdbce60000 of 64 bytes failed: Only part of a ReadProcessMemory or WriteProcessMemory request was completed. (0x12B)
[1223/130048.511:WARNING:pe_image_reader.cc(340)] could not read dos header from C:\WINDOWS\SYSTEM32\WINHTTP.dll
[1223/130048.511:ERROR:process_memory_win.cc(73)] ReadMemory at 0x7ffdbc350000 of 64 bytes failed: Only part of a ReadProcessMemory or WriteProcessMemory request was completed. (0x12B)
[1223/130048.511:WARNING:pe_image_reader.cc(340)] could not read dos header from C:\WINDOWS\SYSTEM32\dhcpcsvc.DLL
[1223/130048.511:ERROR:process_memory_win.cc(73)] ReadMemory at 0x7ffdc4df0000 of 64 bytes failed: Only part of a ReadProcessMemory or WriteProcessMemory request was completed. (0x12B)
[1223/130048.511:WARNING:pe_image_reader.cc(340)] could not read dos header from C:\WINDOWS\System32\NSI.dll
[1223/130048.511:ERROR:process_memory_win.cc(73)] ReadMemory at 0x7ffdbe520000 of 64 bytes failed: Only part of a ReadProcessMemory or WriteProcessMemory request was completed. (0x12B)
[1223/130048.511:WARNING:pe_image_reader.cc(340)] could not read dos header from C:\WINDOWS\SYSTEM32\WINMMBASE.dll
[1223/130048.511:ERROR:process_memory_win.cc(73)] ReadMemory at 0x7ffdc2f20000 of 64 bytes failed: Only part of a ReadProcessMemory or WriteProcessMemory request was completed. (0x12B)
[1223/130048.511:WARNING:pe_image_reader.cc(340)] could not read dos header from C:\WINDOWS\System32\cfgmgr32.dll
[1223/130048.511:ERROR:process_memory_win.cc(73)] ReadMemory at 0x7ffdc02d0000 of 64 bytes failed: Only part of a ReadProcessMemory or WriteProcessMemory request was completed. (0x12B)
[1223/130048.511:WARNING:pe_image_reader.cc(340)] could not read dos header from C:\WINDOWS\SYSTEM32\PROPSYS.dll
[1223/130048.511:ERROR:process_memory_win.cc(73)] ReadMemory at 0x7ffdc5120000 of 64 bytes failed: Only part of a ReadProcessMemory or WriteProcessMemory request was completed. (0x12B)
[1223/130048.511:WARNING:pe_image_reader.cc(340)] could not read dos header from C:\WINDOWS\System32\shcore.dll
[1223/130048.511:ERROR:process_memory_win.cc(73)] ReadMemory at 0x7ffdc2b50000 of 64 bytes failed: Only part of a ReadProcessMemory or WriteProcessMemory request was completed. (0x12B)
[1223/130048.511:WARNING:pe_image_reader.cc(340)] could not read dos header from C:\WINDOWS\SYSTEM32\SSPICLI.DLL
[1223/130048.511:ERROR:process_memory_win.cc(73)] ReadMemory at 0x7ffdc2600000 of 64 bytes failed: Only part of a ReadProcessMemory or WriteProcessMemory request was completed. (0x12B)
[1223/130048.511:WARNING:pe_image_reader.cc(340)] could not read dos header from C:\WINDOWS\SYSTEM32\CRYPTBASE.DLL
[1223/130048.515:ERROR:process_memory_win.cc(73)] ReadMemory at 0x7ff7de300000 of 64 bytes failed: Only part of a ReadProcessMemory or WriteProcessMemory request was completed. (0x12B)
[1223/130048.515:WARNING:pe_image_reader.cc(340)] could not read dos header from C:\Program Files (x86)\Google\Chrome\Application\chrome.exe
[1223/130048.515:ERROR:process_memory_win.cc(73)] ReadMemory at 0x7ffdc5da0000 of 64 bytes failed: Only part of a ReadProcessMemory or WriteProcessMemory request was completed. (0x12B)
[1223/130048.515:WARNING:pe_image_reader.cc(340)] could not read dos header from C:\WINDOWS\SYSTEM32\ntdll.dll
[1223/130048.515:ERROR:process_memory_win.cc(73)] ReadMemory at 0x7ffdc4bf0000 of 64 bytes failed: Only part of a ReadProcessMemory or WriteProcessMemory request was completed. (0x12B)
[1223/130048.515:WARNING:pe_image_reader.cc(340)] could not read dos header from C:\WINDOWS\System32\KERNEL32.DLL
[1223/130048.515:ERROR:process_memory_win.cc(73)] ReadMemory at 0x7ffdc2f70000 of 64 bytes failed: Only part of a ReadProcessMemory or WriteProcessMemory request was completed. (0x12B)
[1223/130048.515:WARNING:pe_image_reader.cc(340)] could not read dos header from C:\WINDOWS\System32\KERNELBASE.dll
[1223/130048.515:ERROR:process_memory_win.cc(73)] ReadMemory at 0x7ffd60b10000 of 64 bytes failed: Only part of a ReadProcessMemory or WriteProcessMemory request was completed. (0x12B)
[1223/130048.515:WARNING:pe_image_reader.cc(340)] could not read dos header from C:\Program Files (x86)\Google\Chrome\Application\87.0.4280.88\chrome_elf.dll
[1223/130048.515:ERROR:process_memory_win.cc(73)] ReadMemory at 0x7ffdbc8b0000 of 64 bytes failed: Only part of a ReadProcessMemory or WriteProcessMemory request was completed. (0x12B)
[1223/130048.515:WARNING:pe_image_reader.cc(340)] could not read dos header from C:\WINDOWS\SYSTEM32\VERSION.dll
[1223/130048.515:ERROR:process_memory_win.cc(73)] ReadMemory at 0x7ffdc5cc0000 of 64 bytes failed: Only part of a ReadProcessMemory or WriteProcessMemory request was completed. (0x12B)
[1223/130048.515:WARNING:pe_image_reader.cc(340)] could not read dos header from C:\WINDOWS\System32\msvcrt.dll
[1223/130048.515:ERROR:process_memory_win.cc(73)] ReadMemory at 0x7ffdc3ba0000 of 64 bytes failed: Only part of a ReadProcessMemory or WriteProcessMemory request was completed. (0x12B)
[1223/130048.515:WARNING:pe_image_reader.cc(340)] could not read dos header from C:\WINDOWS\System32\bcryptPrimitives.dll
[1223/130048.515:ERROR:process_memory_win.cc(73)] ReadMemory at 0x7ffdc49a0000 of 64 bytes failed: Only part of a ReadProcessMemory or WriteProcessMemory request was completed. (0x12B)
[1223/130048.515:WARNING:pe_image_reader.cc(340)] could not read dos header from C:\WINDOWS\System32\ADVAPI32.dll
[1223/130048.515:ERROR:process_memory_win.cc(73)] ReadMemory at 0x7ffdc4e00000 of 64 bytes failed: Only part of a ReadProcessMemory or WriteProcessMemory request was completed. (0x12B)
[1223/130048.515:WARNING:pe_image_reader.cc(340)] could not read dos header from C:\WINDOWS\System32\sechost.dll
[1223/130048.515:ERROR:process_memory_win.cc(73)] ReadMemory at 0x7ffdc5a00000 of 64 bytes failed: Only part of a ReadProcessMemory or WriteProcessMemory request was completed. (0x12B)
[1223/130048.515:WARNING:pe_image_reader.cc(340)] could not read dos header from C:\WINDOWS\System32\RPCRT4.dll
[1223/130048.515:ERROR:process_memory_win.cc(73)] ReadMemory at 0x7ffd33d30000 of 64 bytes failed: Only part of a ReadProcessMemory or WriteProcessMemory request was completed. (0x12B)
[1223/130048.515:WARNING:pe_image_reader.cc(340)] could not read dos header from C:\Program Files (x86)\Google\Chrome\Application\87.0.4280.88\chrome.dll
[1223/130048.515:ERROR:process_memory_win.cc(73)] ReadMemory at 0x7ffdc5050000 of 64 bytes failed: Only part of a ReadProcessMemory or WriteProcessMemory request was completed. (0x12B)
[1223/130048.515:WARNING:pe_image_reader.cc(340)] could not read dos header from C:\WINDOWS\System32\WS2_32.dll
[1223/130048.516:ERROR:process_memory_win.cc(73)] ReadMemory at 0x7ffdc3ff0000 of 64 bytes failed: Only part of a ReadProcessMemory or WriteProcessMemory request was completed. (0x12B)
[1223/130048.516:WARNING:pe_image_reader.cc(340)] could not read dos header from C:\WINDOWS\System32\OLEAUT32.dll
[1223/130048.516:ERROR:process_memory_win.cc(73)] ReadMemory at 0x7ffdc3db0000 of 64 bytes failed: Only part of a ReadProcessMemory or WriteProcessMemory request was completed. (0x12B)
[1223/130048.516:WARNING:pe_image_reader.cc(340)] could not read dos header from C:\WINDOWS\System32\msvcp_win.dll
[1223/130048.516:ERROR:process_memory_win.cc(73)] ReadMemory at 0x7ffdc2e20000 of 64 bytes failed: Only part of a ReadProcessMemory or WriteProcessMemory request was completed. (0x12B)
[1223/130048.516:WARNING:pe_image_reader.cc(340)] could not read dos header from C:\WINDOWS\System32\ucrtbase.dll
[1223/130048.516:ERROR:process_memory_win.cc(73)] ReadMemory at 0x7ffdc56c0000 of 64 bytes failed: Only part of a ReadProcessMemory or WriteProcessMemory request was completed. (0x12B)
[1223/130048.516:WARNING:pe_image_reader.cc(340)] could not read dos header from C:\WINDOWS\System32\combase.dll
[1223/130048.516:ERROR:process_memory_win.cc(73)] ReadMemory at 0x7ffdc2d10000 of 64 bytes failed: Only part of a ReadProcessMemory or WriteProcessMemory request was completed. (0x12B)
[1223/130048.516:WARNING:pe_image_reader.cc(340)] could not read dos header from C:\WINDOWS\System32\WINTRUST.dll
[1223/130048.516:ERROR:process_memory_win.cc(73)] ReadMemory at 0x7ffdc2c50000 of 64 bytes failed: Only part of a ReadProcessMemory or WriteProcessMemory request was completed. (0x12B)
[1223/130048.516:WARNING:pe_image_reader.cc(340)] could not read dos header from C:\WINDOWS\System32\MSASN1.dll
[1223/130048.516:ERROR:process_memory_win.cc(73)] ReadMemory at 0x7ffdc3c30000 of 64 bytes failed: Only part of a ReadProcessMemory or WriteProcessMemory request was completed. (0x12B)
[1223/130048.516:WARNING:pe_image_reader.cc(340)] could not read dos header from C:\WINDOWS\System32\CRYPT32.dll
[1223/130048.516:ERROR:process_memory_win.cc(73)] ReadMemory at 0x7ffdc1500000 of 64 bytes failed: Only part of a ReadProcessMemory or WriteProcessMemory request was completed. (0x12B)
[1223/130048.516:WARNING:pe_image_reader.cc(340)] could not read dos header from C:\WINDOWS\SYSTEM32\dbghelp.dll
[1223/130048.516:ERROR:process_memory_win.cc(73)] ReadMemory at 0x7ffdc2140000 of 64 bytes failed: Only part of a ReadProcessMemory or WriteProcessMemory request was completed. (0x12B)
[1223/130048.516:WARNING:pe_image_reader.cc(340)] could not read dos header from C:\WINDOWS\SYSTEM32\IPHLPAPI.DLL
[1223/130048.516:ERROR:process_memory_win.cc(73)] ReadMemory at 0x7ffdbe550000 of 64 bytes failed: Only part of a ReadProcessMemory or WriteProcessMemory request was completed. (0x12B)
[1223/130048.516:WARNING:pe_image_reader.cc(340)] could not read dos header from C:\WINDOWS\SYSTEM32\WINMM.dll
[1223/130048.516:ERROR:process_memory_win.cc(73)] ReadMemory at 0x7ffd86920000 of 64 bytes failed: Only part of a ReadProcessMemory or WriteProcessMemory request was completed. (0x12B)
[1223/130048.516:WARNING:pe_image_reader.cc(340)] could not read dos header from C:\WINDOWS\SYSTEM32\UIAutomationCore.DLL
[1223/130048.516:ERROR:process_memory_win.cc(73)] ReadMemory at 0x7ffdac470000 of 64 bytes failed: Only part of a ReadProcessMemory or WriteProcessMemory request was completed. (0x12B)
[1223/130048.516:WARNING:pe_image_reader.cc(340)] could not read dos header from C:\WINDOWS\SYSTEM32\Secur32.dll
[1223/130048.516:ERROR:process_memory_win.cc(73)] ReadMemory at 0x7ffdc2b20000 of 64 bytes failed: Only part of a ReadProcessMemory or WriteProcessMemory request was completed. (0x12B)
[1223/130048.516:WARNING:pe_image_reader.cc(340)] could not read dos header from C:\WINDOWS\SYSTEM32\USERENV.dll
[1223/130048.516:ERROR:process_memory_win.cc(73)] ReadMemory at 0x7ffdc2c70000 of 64 bytes failed: Only part of a ReadProcessMemory or WriteProcessMemory request was completed. (0x12B)
[1223/130048.516:WARNING:pe_image_reader.cc(340)] could not read dos header from C:\WINDOWS\System32\profapi.dll
[1223/130048.516:ERROR:process_memory_win.cc(73)] ReadMemory at 0x7ffdb3480000 of 64 bytes failed: Only part of a ReadProcessMemory or WriteProcessMemory request was completed. (0x12B)
[1223/130048.516:WARNING:pe_image_reader.cc(340)] could not read dos header from C:\WINDOWS\SYSTEM32\DWrite.dll
[1223/130048.516:ERROR:process_memory_win.cc(73)] ReadMemory at 0x7ffdb9cf0000 of 64 bytes failed: Only part of a ReadProcessMemory or WriteProcessMemory request was completed. (0x12B)
[1223/130048.516:WARNING:pe_image_reader.cc(340)] could not read dos header from C:\WINDOWS\SYSTEM32\WINSPOOL.DRV
[1223/130048.516:ERROR:process_memory_win.cc(73)] ReadMemory at 0x7ffdc2cf0000 of 64 bytes failed: Only part of a ReadProcessMemory or WriteProcessMemory request was completed. (0x12B)
[1223/130048.516:WARNING:pe_image_reader.cc(340)] could not read dos header from C:\WINDOWS\System32\kernel.appcore.dll
[1223/130048.516:ERROR:process_memory_win.cc(73)] ReadMemory at 0x7ffdc3220000 of 64 bytes failed: Only part of a ReadProcessMemory or WriteProcessMemory request was completed. (0x12B)
[1223/130048.516:WARNING:pe_image_reader.cc(340)] could not read dos header from C:\WINDOWS\System32\bcrypt.dll
[1223/130048.516:ERROR:process_memory_win.cc(73)] ReadMemory at 0x7ffdbce60000 of 64 bytes failed: Only part of a ReadProcessMemory or WriteProcessMemory request was completed. (0x12B)
[1223/130048.516:WARNING:pe_image_reader.cc(340)] could not read dos header from C:\WINDOWS\SYSTEM32\WINHTTP.dll
[1223/130048.516:ERROR:process_memory_win.cc(73)] ReadMemory at 0x7ffdbc350000 of 64 bytes failed: Only part of a ReadProcessMemory or WriteProcessMemory request was completed. (0x12B)
[1223/130048.516:WARNING:pe_image_reader.cc(340)] could not read dos header from C:\WINDOWS\SYSTEM32\dhcpcsvc.DLL
[1223/130048.517:ERROR:process_memory_win.cc(73)] ReadMemory at 0x7ffdc4df0000 of 64 bytes failed: Only part of a ReadProcessMemory or WriteProcessMemory request was completed. (0x12B)
[1223/130048.517:WARNING:pe_image_reader.cc(340)] could not read dos header from C:\WINDOWS\System32\NSI.dll
[1223/130048.517:ERROR:process_memory_win.cc(73)] ReadMemory at 0x7ffdbe520000 of 64 bytes failed: Only part of a ReadProcessMemory or WriteProcessMemory request was completed. (0x12B)
[1223/130048.517:WARNING:pe_image_reader.cc(340)] could not read dos header from C:\WINDOWS\SYSTEM32\WINMMBASE.dll
[1223/130048.517:ERROR:process_memory_win.cc(73)] ReadMemory at 0x7ffdc2f20000 of 64 bytes failed: Only part of a ReadProcessMemory or WriteProcessMemory request was completed. (0x12B)
[1223/130048.517:WARNING:pe_image_reader.cc(340)] could not read dos header from C:\WINDOWS\System32\cfgmgr32.dll
[1223/130048.517:ERROR:process_memory_win.cc(73)] ReadMemory at 0x7ffdc02d0000 of 64 bytes failed: Only part of a ReadProcessMemory or WriteProcessMemory request was completed. (0x12B)
[1223/130048.517:WARNING:pe_image_reader.cc(340)] could not read dos header from C:\WINDOWS\SYSTEM32\PROPSYS.dll
[1223/130048.517:ERROR:process_memory_win.cc(73)] ReadMemory at 0x7ffdc5120000 of 64 bytes failed: Only part of a ReadProcessMemory or WriteProcessMemory request was completed. (0x12B)
[1223/130048.517:WARNING:pe_image_reader.cc(340)] could not read dos header from C:\WINDOWS\System32\shcore.dll
[1223/130048.517:ERROR:process_memory_win.cc(73)] ReadMemory at 0x7ffdc2b50000 of 64 bytes failed: Only part of a ReadProcessMemory or WriteProcessMemory request was completed. (0x12B)
[1223/130048.517:WARNING:pe_image_reader.cc(340)] could not read dos header from C:\WINDOWS\SYSTEM32\SSPICLI.DLL
[1223/130048.517:ERROR:process_memory_win.cc(73)] ReadMemory at 0x7ffdc2600000 of 64 bytes failed: Only part of a ReadProcessMemory or WriteProcessMemory request was completed. (0x12B)
[1223/130048.517:WARNING:pe_image_reader.cc(340)] could not read dos header from C:\WINDOWS\SYSTEM32\CRYPTBASE.DLL
[1223/130048.517:ERROR:process_memory_win.cc(73)] ReadMemory at 0x7ff7de300000 of 64 bytes failed: Only part of a ReadProcessMemory or WriteProcessMemory request was completed. (0x12B)
[1223/130048.517:WARNING:pe_image_reader.cc(340)] could not read dos header from C:\Program Files (x86)\Google\Chrome\Application\chrome.exe
[1223/130048.517:ERROR:process_memory_win.cc(73)] ReadMemory at 0x7ffdc5da0000 of 64 bytes failed: Only part of a ReadProcessMemory or WriteProcessMemory request was completed. (0x12B)
[1223/130048.517:WARNING:pe_image_reader.cc(340)] could not read dos header from C:\WINDOWS\SYSTEM32\ntdll.dll
[1223/130048.517:ERROR:process_memory_win.cc(73)] ReadMemory at 0x7ffdc4bf0000 of 64 bytes failed: Only part of a ReadProcessMemory or WriteProcessMemory request was completed. (0x12B)
[1223/130048.517:WARNING:pe_image_reader.cc(340)] could not read dos header from C:\WINDOWS\System32\KERNEL32.DLL
[1223/130048.517:ERROR:process_memory_win.cc(73)] ReadMemory at 0x7ffdc2f70000 of 64 bytes failed: Only part of a ReadProcessMemory or WriteProcessMemory request was completed. (0x12B)
[1223/130048.517:WARNING:pe_image_reader.cc(340)] could not read dos header from C:\WINDOWS\System32\KERNELBASE.dll
[1223/130048.517:ERROR:process_memory_win.cc(73)] ReadMemory at 0x7ffd60b10000 of 64 bytes failed: Only part of a ReadProcessMemory or WriteProcessMemory request was completed. (0x12B)
[1223/130048.517:WARNING:pe_image_reader.cc(340)] could not read dos header from C:\Program Files (x86)\Google\Chrome\Application\87.0.4280.88\chrome_elf.dll
[1223/130048.517:ERROR:process_memory_win.cc(73)] ReadMemory at 0x7ffdbc8b0000 of 64 bytes failed: Only part of a ReadProcessMemory or WriteProcessMemory request was completed. (0x12B)
[1223/130048.517:WARNING:pe_image_reader.cc(340)] could not read dos header from C:\WINDOWS\SYSTEM32\VERSION.dll
[1223/130048.517:ERROR:process_memory_win.cc(73)] ReadMemory at 0x7ffdc5cc0000 of 64 bytes failed: Only part of a ReadProcessMemory or WriteProcessMemory request was completed. (0x12B)
[1223/130048.517:WARNING:pe_image_reader.cc(340)] could not read dos header from C:\WINDOWS\System32\msvcrt.dll
[1223/130048.517:ERROR:process_memory_win.cc(73)] ReadMemory at 0x7ffdc3ba0000 of 64 bytes failed: Only part of a ReadProcessMemory or WriteProcessMemory request was completed. (0x12B)
[1223/130048.517:WARNING:pe_image_reader.cc(340)] could not read dos header from C:\WINDOWS\System32\bcryptPrimitives.dll
[1223/130048.517:ERROR:process_memory_win.cc(73)] ReadMemory at 0x7ffdc49a0000 of 64 bytes failed: Only part of a ReadProcessMemory or WriteProcessMemory request was completed. (0x12B)
[1223/130048.517:WARNING:pe_image_reader.cc(340)] could not read dos header from C:\WINDOWS\System32\ADVAPI32.dll
[1223/130048.517:ERROR:process_memory_win.cc(73)] ReadMemory at 0x7ffdc4e00000 of 64 bytes failed: Only part of a ReadProcessMemory or WriteProcessMemory request was completed. (0x12B)
[1223/130048.517:WARNING:pe_image_reader.cc(340)] could not read dos header from C:\WINDOWS\System32\sechost.dll
[1223/130048.517:ERROR:process_memory_win.cc(73)] ReadMemory at 0x7ffdc5a00000 of 64 bytes failed: Only part of a ReadProcessMemory or WriteProcessMemory request was completed. (0x12B)
[1223/130048.517:WARNING:pe_image_reader.cc(340)] could not read dos header from C:\WINDOWS\System32\RPCRT4.dll
[1223/130048.517:ERROR:process_memory_win.cc(73)] ReadMemory at 0x7ffd33d30000 of 64 bytes failed: Only part of a ReadProcessMemory or WriteProcessMemory request was completed. (0x12B)
[1223/130048.517:WARNING:pe_image_reader.cc(340)] could not read dos header from C:\Program Files (x86)\Google\Chrome\Application\87.0.4280.88\chrome.dll
[1223/130048.517:ERROR:process_memory_win.cc(73)] ReadMemory at 0x7ffdc5050000 of 64 bytes failed: Only part of a ReadProcessMemory or WriteProcessMemory request was completed. (0x12B)
[1223/130048.517:WARNING:pe_image_reader.cc(340)] could not read dos header from C:\WINDOWS\System32\WS2_32.dll
[1223/130048.517:ERROR:process_memory_win.cc(73)] ReadMemory at 0x7ffdc3ff0000 of 64 bytes failed: Only part of a ReadProcessMemory or WriteProcessMemory request was completed. (0x12B)
[1223/130048.517:WARNING:pe_image_reader.cc(340)] could not read dos header from C:\WINDOWS\System32\OLEAUT32.dll
[1223/130048.518:ERROR:process_memory_win.cc(73)] ReadMemory at 0x7ffdc3db0000 of 64 bytes failed: Only part of a ReadProcessMemory or WriteProcessMemory request was completed. (0x12B)
[1223/130048.518:WARNING:pe_image_reader.cc(340)] could not read dos header from C:\WINDOWS\System32\msvcp_win.dll
[1223/130048.518:ERROR:process_memory_win.cc(73)] ReadMemory at 0x7ffdc2e20000 of 64 bytes failed: Only part of a ReadProcessMemory or WriteProcessMemory request was completed. (0x12B)
[1223/130048.518:WARNING:pe_image_reader.cc(340)] could not read dos header from C:\WINDOWS\System32\ucrtbase.dll
[1223/130048.518:ERROR:process_memory_win.cc(73)] ReadMemory at 0x7ffdc56c0000 of 64 bytes failed: Only part of a ReadProcessMemory or WriteProcessMemory request was completed. (0x12B)
[1223/130048.518:WARNING:pe_image_reader.cc(340)] could not read dos header from C:\WINDOWS\System32\combase.dll
[1223/130048.518:ERROR:process_memory_win.cc(73)] ReadMemory at 0x7ffdc2d10000 of 64 bytes failed: Only part of a ReadProcessMemory or WriteProcessMemory request was completed. (0x12B)
[1223/130048.518:WARNING:pe_image_reader.cc(340)] could not read dos header from C:\WINDOWS\System32\WINTRUST.dll
[1223/130048.518:ERROR:process_memory_win.cc(73)] ReadMemory at 0x7ffdc2c50000 of 64 bytes failed: Only part of a ReadProcessMemory or WriteProcessMemory request was completed. (0x12B)
[1223/130048.518:WARNING:pe_image_reader.cc(340)] could not read dos header from C:\WINDOWS\System32\MSASN1.dll
[1223/130048.518:ERROR:process_memory_win.cc(73)] ReadMemory at 0x7ffdc3c30000 of 64 bytes failed: Only part of a ReadProcessMemory or WriteProcessMemory request was completed. (0x12B)
[1223/130048.518:WARNING:pe_image_reader.cc(340)] could not read dos header from C:\WINDOWS\System32\CRYPT32.dll
[1223/130048.518:ERROR:process_memory_win.cc(73)] ReadMemory at 0x7ffdc1500000 of 64 bytes failed: Only part of a ReadProcessMemory or WriteProcessMemory request was completed. (0x12B)
[1223/130048.518:WARNING:pe_image_reader.cc(340)] could not read dos header from C:\WINDOWS\SYSTEM32\dbghelp.dll
[1223/130048.518:ERROR:process_memory_win.cc(73)] ReadMemory at 0x7ffdc2140000 of 64 bytes failed: Only part of a ReadProcessMemory or WriteProcessMemory request was completed. (0x12B)
[1223/130048.518:WARNING:pe_image_reader.cc(340)] could not read dos header from C:\WINDOWS\SYSTEM32\IPHLPAPI.DLL
[1223/130048.518:ERROR:process_memory_win.cc(73)] ReadMemory at 0x7ffdbe550000 of 64 bytes failed: Only part of a ReadProcessMemory or WriteProcessMemory request was completed. (0x12B)
[1223/130048.518:WARNING:pe_image_reader.cc(340)] could not read dos header from C:\WINDOWS\SYSTEM32\WINMM.dll
[1223/130048.518:ERROR:process_memory_win.cc(73)] ReadMemory at 0x7ffd86920000 of 64 bytes failed: Only part of a ReadProcessMemory or WriteProcessMemory request was completed. (0x12B)
[1223/130048.518:WARNING:pe_image_reader.cc(340)] could not read dos header from C:\WINDOWS\SYSTEM32\UIAutomationCore.DLL
[1223/130048.518:ERROR:process_memory_win.cc(73)] ReadMemory at 0x7ffdac470000 of 64 bytes failed: Only part of a ReadProcessMemory or WriteProcessMemory request was completed. (0x12B)
[1223/130048.518:WARNING:pe_image_reader.cc(340)] could not read dos header from C:\WINDOWS\SYSTEM32\Secur32.dll
[1223/130048.518:ERROR:process_memory_win.cc(73)] ReadMemory at 0x7ffdc2b20000 of 64 bytes failed: Only part of a ReadProcessMemory or WriteProcessMemory request was completed. (0x12B)
[1223/130048.518:WARNING:pe_image_reader.cc(340)] could not read dos header from C:\WINDOWS\SYSTEM32\USERENV.dll
[1223/130048.518:ERROR:process_memory_win.cc(73)] ReadMemory at 0x7ffdc2c70000 of 64 bytes failed: Only part of a ReadProcessMemory or WriteProcessMemory request was completed. (0x12B)
[1223/130048.518:WARNING:pe_image_reader.cc(340)] could not read dos header from C:\WINDOWS\System32\profapi.dll
[1223/130048.518:ERROR:process_memory_win.cc(73)] ReadMemory at 0x7ffdb3480000 of 64 bytes failed: Only part of a ReadProcessMemory or WriteProcessMemory request was completed. (0x12B)
[1223/130048.518:WARNING:pe_image_reader.cc(340)] could not read dos header from C:\WINDOWS\SYSTEM32\DWrite.dll
[1223/130048.518:ERROR:process_memory_win.cc(73)] ReadMemory at 0x7ffdb9cf0000 of 64 bytes failed: Only part of a ReadProcessMemory or WriteProcessMemory request was completed. (0x12B)
[1223/130048.518:WARNING:pe_image_reader.cc(340)] could not read dos header from C:\WINDOWS\SYSTEM32\WINSPOOL.DRV
[1223/130048.518:ERROR:process_memory_win.cc(73)] ReadMemory at 0x7ffdc2cf0000 of 64 bytes failed: Only part of a ReadProcessMemory or WriteProcessMemory request was completed. (0x12B)
[1223/130048.518:WARNING:pe_image_reader.cc(340)] could not read dos header from C:\WINDOWS\System32\kernel.appcore.dll
[1223/130048.518:ERROR:process_memory_win.cc(73)] ReadMemory at 0x7ffdc3220000 of 64 bytes failed: Only part of a ReadProcessMemory or WriteProcessMemory request was completed. (0x12B)
[1223/130048.518:WARNING:pe_image_reader.cc(340)] could not read dos header from C:\WINDOWS\System32\bcrypt.dll
[1223/130048.518:ERROR:process_memory_win.cc(73)] ReadMemory at 0x7ffdbce60000 of 64 bytes failed: Only part of a ReadProcessMemory or WriteProcessMemory request was completed. (0x12B)
[1223/130048.518:WARNING:pe_image_reader.cc(340)] could not read dos header from C:\WINDOWS\SYSTEM32\WINHTTP.dll
[1223/130048.518:ERROR:process_memory_win.cc(73)] ReadMemory at 0x7ffdbc350000 of 64 bytes failed: Only part of a ReadProcessMemory or WriteProcessMemory request was completed. (0x12B)
[1223/130048.518:WARNING:pe_image_reader.cc(340)] could not read dos header from C:\WINDOWS\SYSTEM32\dhcpcsvc.DLL
[1223/130048.518:ERROR:process_memory_win.cc(73)] ReadMemory at 0x7ffdc4df0000 of 64 bytes failed: Only part of a ReadProcessMemory or WriteProcessMemory request was completed. (0x12B)
[1223/130048.518:WARNING:pe_image_reader.cc(340)] could not read dos header from C:\WINDOWS\System32\NSI.dll
[1223/130048.518:ERROR:process_memory_win.cc(73)] ReadMemory at 0x7ffdbe520000 of 64 bytes failed: Only part of a ReadProcessMemory or WriteProcessMemory request was completed. (0x12B)
[1223/130048.519:WARNING:pe_image_reader.cc(340)] could not read dos header from C:\WINDOWS\SYSTEM32\WINMMBASE.dll
[1223/130048.519:ERROR:process_memory_win.cc(73)] ReadMemory at 0x7ffdc2f20000 of 64 bytes failed: Only part of a ReadProcessMemory or WriteProcessMemory request was completed. (0x12B)
[1223/130048.519:WARNING:pe_image_reader.cc(340)] could not read dos header from C:\WINDOWS\System32\cfgmgr32.dll
[1223/130048.519:ERROR:process_memory_win.cc(73)] ReadMemory at 0x7ffdc02d0000 of 64 bytes failed: Only part of a ReadProcessMemory or WriteProcessMemory request was completed. (0x12B)
[1223/130048.519:WARNING:pe_image_reader.cc(340)] could not read dos header from C:\WINDOWS\SYSTEM32\PROPSYS.dll
[1223/130048.519:ERROR:process_memory_win.cc(73)] ReadMemory at 0x7ffdc5120000 of 64 bytes failed: Only part of a ReadProcessMemory or WriteProcessMemory request was completed. (0x12B)
[1223/130048.519:WARNING:pe_image_reader.cc(340)] could not read dos header from C:\WINDOWS\System32\shcore.dll
[1223/130048.519:ERROR:process_memory_win.cc(73)] ReadMemory at 0x7ffdc2b50000 of 64 bytes failed: Only part of a ReadProcessMemory or WriteProcessMemory request was completed. (0x12B)
[1223/130048.519:WARNING:pe_image_reader.cc(340)] could not read dos header from C:\WINDOWS\SYSTEM32\SSPICLI.DLL
[1223/130048.519:ERROR:process_memory_win.cc(73)] ReadMemory at 0x7ffdc2600000 of 64 bytes failed: Only part of a ReadProcessMemory or WriteProcessMemory request was completed. (0x12B)
[1223/130048.519:WARNING:pe_image_reader.cc(340)] could not read dos header from C:\WINDOWS\SYSTEM32\CRYPTBASE.DLL
[1223/130049.611:ERROR:process_memory_win.cc(73)] ReadMemory at 0xad6ffef000 of 69632 bytes failed: Only part of a ReadProcessMemory or WriteProcessMemory request was completed. (0x12B)
[1223/130051.330:ERROR:process_memory_win.cc(73)] ReadMemory at 0xad707fe000 of 8192 bytes failed: Only part of a ReadProcessMemory or WriteProcessMemory request was completed. (0x12B)
[1223/130051.330:ERROR:process_memory_win.cc(73)] ReadMemory at 0xad70ffe000 of 8192 bytes failed: Only part of a ReadProcessMemory or WriteProcessMemory request was completed. (0x12B)
[1223/130051.330:ERROR:process_memory_win.cc(73)] ReadMemory at 0xad717fe000 of 8192 bytes failed: Only part of a ReadProcessMemory or WriteProcessMemory request was completed. (0x12B)
[1223/130051.330:ERROR:process_memory_win.cc(73)] ReadMemory at 0xad71ffd000 of 12288 bytes failed: Only part of a ReadProcessMemory or WriteProcessMemory request was completed. (0x12B)
[1223/130051.330:ERROR:process_memory_win.cc(73)] ReadMemory at 0xad727ff000 of 4096 bytes failed: Only part of a ReadProcessMemory or WriteProcessMemory request was completed. (0x12B)
[1223/130051.330:ERROR:process_memory_win.cc(73)] ReadMemory at 0xad737fe000 of 8192 bytes failed: Only part of a ReadProcessMemory or WriteProcessMemory request was completed. (0x12B)
[1223/130051.330:ERROR:process_memory_win.cc(73)] ReadMemory at 0xad73ffd000 of 12288 bytes failed: Only part of a ReadProcessMemory or WriteProcessMemory request was completed. (0x12B)
[1223/130051.330:ERROR:process_memory_win.cc(73)] ReadMemory at 0xad747fe000 of 8192 bytes failed: Only part of a ReadProcessMemory or WriteProcessMemory request was completed. (0x12B)
[1223/130051.330:ERROR:process_memory_win.cc(73)] ReadMemory at 0xad74ffe000 of 8192 bytes failed: Only part of a ReadProcessMemory or WriteProcessMemory request was completed. (0x12B)
[1223/130051.331:ERROR:process_memory_win.cc(73)] ReadMemory at 0xad75ffe000 of 8192 bytes failed: Only part of a ReadProcessMemory or WriteProcessMemory request was completed. (0x12B)
[1223/130051.331:ERROR:process_memory_win.cc(73)] ReadMemory at 0xad767fe000 of 8192 bytes failed: Only part of a ReadProcessMemory or WriteProcessMemory request was completed. (0x12B)
[1223/130051.331:ERROR:process_memory_win.cc(73)] ReadMemory at 0xad76ffe000 of 8192 bytes failed: Only part of a ReadProcessMemory or WriteProcessMemory request was completed. (0x12B)
[1223/130051.331:ERROR:process_memory_win.cc(73)] ReadMemory at 0xad777fe000 of 8192 bytes failed: Only part of a ReadProcessMemory or WriteProcessMemory request was completed. (0x12B)
[1223/130051.331:ERROR:process_memory_win.cc(73)] ReadMemory at 0xad77ffe000 of 8192 bytes failed: Only part of a ReadProcessMemory or WriteProcessMemory request was completed. (0x12B)
[1223/130051.331:ERROR:process_memory_win.cc(73)] ReadMemory at 0xad72fff000 of 4096 bytes failed: Only part of a ReadProcessMemory or WriteProcessMemory request was completed. (0x12B)
[1223/130051.331:ERROR:process_memory_win.cc(73)] ReadMemory at 0xad6f621000 of 852 bytes failed: Only part of a ReadProcessMemory or WriteProcessMemory request was completed. (0x12B)
[1223/130051.331:ERROR:process_memory_win.cc(73)] ReadMemory at 0xad6f622000 of 6024 bytes failed: Only part of a ReadProcessMemory or WriteProcessMemory request was completed. (0x12B)
[1223/130051.331:ERROR:process_memory_win.cc(73)] ReadMemory at 0xad6f624000 of 6024 bytes failed: Only part of a ReadProcessMemory or WriteProcessMemory request was completed. (0x12B)
[1223/130051.331:ERROR:process_memory_win.cc(73)] ReadMemory at 0xad6f626000 of 6024 bytes failed: Only part of a ReadProcessMemory or WriteProcessMemory request was completed. (0x12B)
[1223/130051.331:ERROR:process_memory_win.cc(73)] ReadMemory at 0xad6f628000 of 6024 bytes failed: Only part of a ReadProcessMemory or WriteProcessMemory request was completed. (0x12B)
[1223/130051.331:ERROR:process_memory_win.cc(73)] ReadMemory at 0xad6f62a000 of 6024 bytes failed: Only part of a ReadProcessMemory or WriteProcessMemory request was completed. (0x12B)
[1223/130051.331:ERROR:process_memory_win.cc(73)] ReadMemory at 0xad6f62c000 of 6024 bytes failed: Only part of a ReadProcessMemory or WriteProcessMemory request was completed. (0x12B)
[1223/130051.331:ERROR:process_memory_win.cc(73)] ReadMemory at 0xad6f630000 of 6024 bytes failed: Only part of a ReadProcessMemory or WriteProcessMemory request was completed. (0x12B)
[1223/130051.331:ERROR:process_memory_win.cc(73)] ReadMemory at 0xad6f632000 of 6024 bytes failed: Only part of a ReadProcessMemory or WriteProcessMemory request was completed. (0x12B)
[1223/130051.331:ERROR:process_memory_win.cc(73)] ReadMemory at 0xad6f634000 of 6024 bytes failed: Only part of a ReadProcessMemory or WriteProcessMemory request was completed. (0x12B)
[1223/130051.332:ERROR:process_memory_win.cc(73)] ReadMemory at 0xad6f636000 of 6024 bytes failed: Only part of a ReadProcessMemory or WriteProcessMemory request was completed. (0x12B)
[1223/130051.332:ERROR:process_memory_win.cc(73)] ReadMemory at 0xad6f63a000 of 6024 bytes failed: Only part of a ReadProcessMemory or WriteProcessMemory request was completed. (0x12B)
[1223/130051.332:ERROR:process_memory_win.cc(73)] ReadMemory at 0xad6f63c000 of 6024 bytes failed: Only part of a ReadProcessMemory or WriteProcessMemory request was completed. (0x12B)
[1223/130051.332:ERROR:process_memory_win.cc(73)] ReadMemory at 0xad6f63e000 of 6024 bytes failed: Only part of a ReadProcessMemory or WriteProcessMemory request was completed. (0x12B)
[1223/130051.332:ERROR:process_memory_win.cc(73)] ReadMemory at 0xad6f640000 of 6024 bytes failed: Only part of a ReadProcessMemory or WriteProcessMemory request was completed. (0x12B)
[1223/130051.332:ERROR:process_memory_win.cc(73)] ReadMemory at 0xad6f642000 of 6024 bytes failed: Only part of a ReadProcessMemory or WriteProcessMemory request was completed. (0x12B)
[1223/130051.332:ERROR:process_memory_win.cc(73)] ReadMemory at 0xad6f644000 of 6024 bytes failed: Only part of a ReadProcessMemory or WriteProcessMemory request was completed. (0x12B)
[1223/130051.332:ERROR:process_memory_win.cc(73)] ReadMemory at 0x27a5c7e0fe0 of 6132 bytes failed: Only part of a ReadProcessMemory or WriteProcessMemory request was completed. (0x12B)
[1223/130051.332:ERROR:process_memory_win.cc(73)] ReadMemory at 0x27a5c7e27e0 of 1012 bytes failed: Only part of a ReadProcessMemory or WriteProcessMemory request was completed. (0x12B)
[1223/130051.332:ERROR:process_memory_win.cc(73)] ReadMemory at 0x27a5c7e2e28 of 118 bytes failed: Only part of a ReadProcessMemory or WriteProcessMemory request was completed. (0x12B)
[1223/130051.332:ERROR:process_memory_win.cc(73)] ReadMemory at 0x27a5c7e2ea0 of 716 bytes failed: Only part of a ReadProcessMemory or WriteProcessMemory request was completed. (0x12B)
[1223/130051.332:ERROR:process_memory_win.cc(73)] ReadMemory at 0x27a5c7e316e of 118 bytes failed: Only part of a ReadProcessMemory or WriteProcessMemory request was completed. (0x12B)
[1223/130051.332:ERROR:process_memory_win.cc(73)] ReadMemory at 0x27a5c7e31e6 of 102 bytes failed: Only part of a ReadProcessMemory or WriteProcessMemory request was completed. (0x12B)
[1223/130051.332:ERROR:process_memory_win.cc(73)] ReadMemory at 0x27a5c7e3260 of 58 bytes failed: Only part of a ReadProcessMemory or WriteProcessMemory request was completed. (0x12B)
[1223/130051.332:ERROR:process_memory_win.cc(73)] ReadMemory at 0x27a5c7e3360 of 132 bytes failed: Only part of a ReadProcessMemory or WriteProcessMemory request was completed. (0x12B)
[1223/130051.332:ERROR:process_memory_win.cc(73)] ReadMemory at 0x27a5c7e34f0 of 132 bytes failed: Only part of a ReadProcessMemory or WriteProcessMemory request was completed. (0x12B)
[1223/130051.332:ERROR:process_memory_win.cc(73)] ReadMemory at 0x27a5c7e36b0 of 124 bytes failed: Only part of a ReadProcessMemory or WriteProcessMemory request was completed. (0x12B)
[1223/130051.333:ERROR:process_memory_win.cc(73)] ReadMemory at 0x27a5c7e3bb0 of 132 bytes failed: Only part of a ReadProcessMemory or WriteProcessMemory request was completed. (0x12B)
[1223/130051.333:ERROR:process_memory_win.cc(73)] ReadMemory at 0x27a5c7e3d40 of 64 bytes failed: Only part of a ReadProcessMemory or WriteProcessMemory request was completed. (0x12B)
[1223/130051.333:ERROR:process_memory_win.cc(73)] ReadMemory at 0x27a5c7e3f00 of 132 bytes failed: Only part of a ReadProcessMemory or WriteProcessMemory request was completed. (0x12B)
[1223/130051.333:ERROR:process_memory_win.cc(73)] ReadMemory at 0x27a5c7e41a0 of 132 bytes failed: Only part of a ReadProcessMemory or WriteProcessMemory request was completed. (0x12B)
[1223/130051.333:ERROR:process_memory_win.cc(73)] ReadMemory at 0x27a5c7e4330 of 68 bytes failed: Only part of a ReadProcessMemory or WriteProcessMemory request was completed. (0x12B)
[1223/130051.333:ERROR:process_memory_win.cc(73)] ReadMemory at 0x27a5c7e53e0 of 132 bytes failed: Only part of a ReadProcessMemory or WriteProcessMemory request was completed. (0x12B)
[1223/130051.333:ERROR:process_memory_win.cc(73)] ReadMemory at 0x27a5c7e5570 of 152 bytes failed: Only part of a ReadProcessMemory or WriteProcessMemory request was completed. (0x12B)
[1223/130051.333:ERROR:process_memory_win.cc(73)] ReadMemory at 0x27a5c7e7900 of 62 bytes failed: Only part of a ReadProcessMemory or WriteProcessMemory request was completed. (0x12B)
[1223/130051.333:ERROR:process_memory_win.cc(73)] ReadMemory at 0x27a5c7e7af0 of 132 bytes failed: Only part of a ReadProcessMemory or WriteProcessMemory request was completed. (0x12B)
[1223/130051.333:ERROR:process_memory_win.cc(73)] ReadMemory at 0x27a5c7e7c20 of 60 bytes failed: Only part of a ReadProcessMemory or WriteProcessMemory request was completed. (0x12B)
[1223/130051.333:ERROR:process_memory_win.cc(73)] ReadMemory at 0x27a5c7f22a0 of 76 bytes failed: Only part of a ReadProcessMemory or WriteProcessMemory request was completed. (0x12B)
[1223/130051.333:ERROR:process_memory_win.cc(73)] ReadMemory at 0x27a5c7f23c0 of 80 bytes failed: Only part of a ReadProcessMemory or WriteProcessMemory request was completed. (0x12B)
[1223/130051.333:ERROR:process_memory_win.cc(73)] ReadMemory at 0x27a5c7f2420 of 80 bytes failed: Only part of a ReadProcessMemory or WriteProcessMemory request was completed. (0x12B)
[1223/130051.333:ERROR:process_memory_win.cc(73)] ReadMemory at 0x27a5c7f42b0 of 132 bytes failed: Only part of a ReadProcessMemory or WriteProcessMemory request was completed. (0x12B)
[1223/130051.333:ERROR:process_memory_win.cc(73)] ReadMemory at 0x27a5c7f55b0 of 132 bytes failed: Only part of a ReadProcessMemory or WriteProcessMemory request was completed. (0x12B)
[1223/130051.333:ERROR:process_memory_win.cc(73)] ReadMemory at 0x27a5c7f59d0 of 132 bytes failed: Only part of a ReadProcessMemory or WriteProcessMemory request was completed. (0x12B)
[1223/130051.333:ERROR:process_memory_win.cc(73)] ReadMemory at 0x27a5c7f69d0 of 54 bytes failed: Only part of a ReadProcessMemory or WriteProcessMemory request was completed. (0x12B)
[1223/130051.333:ERROR:process_memory_win.cc(73)] ReadMemory at 0x27a5c7f90f0 of 132 bytes failed: Only part of a ReadProcessMemory or WriteProcessMemory request was completed. (0x12B)
[1223/130051.334:ERROR:process_memory_win.cc(73)] ReadMemory at 0x27a5c7f97b0 of 132 bytes failed: Only part of a ReadProcessMemory or WriteProcessMemory request was completed. (0x12B)
[1223/130051.334:ERROR:process_memory_win.cc(73)] ReadMemory at 0x27a5c7f99d0 of 132 bytes failed: Only part of a ReadProcessMemory or WriteProcessMemory request was completed. (0x12B)
[1223/130051.334:ERROR:process_memory_win.cc(73)] ReadMemory at 0x27a5c7f9d30 of 132 bytes failed: Only part of a ReadProcessMemory or WriteProcessMemory request was completed. (0x12B)
[1223/130051.334:ERROR:process_memory_win.cc(73)] ReadMemory at 0x27a5c7facc0 of 144 bytes failed: Only part of a ReadProcessMemory or WriteProcessMemory request was completed. (0x12B)
[1223/130051.334:ERROR:process_memory_win.cc(73)] ReadMemory at 0x27a5c7fafe0 of 60 bytes failed: Only part of a ReadProcessMemory or WriteProcessMemory request was completed. (0x12B)
[1223/130051.334:ERROR:process_memory_win.cc(73)] ReadMemory at 0x27a5c7fb080 of 60 bytes failed: Only part of a ReadProcessMemory or WriteProcessMemory request was completed. (0x12B)
[1223/130051.334:ERROR:process_memory_win.cc(73)] ReadMemory at 0x27a5c7fb170 of 62 bytes failed: Only part of a ReadProcessMemory or WriteProcessMemory request was completed. (0x12B)
[1223/130051.334:ERROR:process_memory_win.cc(73)] ReadMemory at 0x27a5c7fb260 of 60 bytes failed: Only part of a ReadProcessMemory or WriteProcessMemory request was completed. (0x12B)
[1223/130051.334:ERROR:process_memory_win.cc(73)] ReadMemory at 0x27a5c7fb300 of 64 bytes failed: Only part of a ReadProcessMemory or WriteProcessMemory request was completed. (0x12B)
[1223/130051.334:ERROR:process_memory_win.cc(73)] ReadMemory at 0x27a5c7fb350 of 62 bytes failed: Only part of a ReadProcessMemory or WriteProcessMemory request was completed. (0x12B)
[1223/130051.334:ERROR:process_memory_win.cc(73)] ReadMemory at 0x27a5c7fb580 of 64 bytes failed: Only part of a ReadProcessMemory or WriteProcessMemory request was completed. (0x12B)
[1223/130051.334:ERROR:process_memory_win.cc(73)] ReadMemory at 0x27a5c7fb670 of 62 bytes failed: Only part of a ReadProcessMemory or WriteProcessMemory request was completed. (0x12B)
[1223/130051.334:ERROR:process_memory_win.cc(73)] ReadMemory at 0x27a5c7fb6c0 of 64 bytes failed: Only part of a ReadProcessMemory or WriteProcessMemory request was completed. (0x12B)
[1223/130051.334:ERROR:process_memory_win.cc(73)] ReadMemory at 0x27a5c7fb7b0 of 60 bytes failed: Only part of a ReadProcessMemory or WriteProcessMemory request was completed. (0x12B)
[1223/130051.334:ERROR:process_memory_win.cc(73)] ReadMemory at 0x27a5c7fb940 of 62 bytes failed: Only part of a ReadProcessMemory or WriteProcessMemory request was completed. (0x12B)
[1223/130051.334:ERROR:process_memory_win.cc(73)] ReadMemory at 0x27a5c7fb990 of 64 bytes failed: Only part of a ReadProcessMemory or WriteProcessMemory request was completed. (0x12B)
[1223/130051.335:ERROR:process_memory_win.cc(73)] ReadMemory at 0x27a5c7fb9e0 of 66 bytes failed: Only part of a ReadProcessMemory or WriteProcessMemory request was completed. (0x12B)
[1223/130051.335:ERROR:process_memory_win.cc(73)] ReadMemory at 0x27a5c7fba30 of 62 bytes failed: Only part of a ReadProcessMemory or WriteProcessMemory request was completed. (0x12B)
[1223/130051.335:ERROR:process_memory_win.cc(73)] ReadMemory at 0x27a5c7fbad0 of 66 bytes failed: Only part of a ReadProcessMemory or WriteProcessMemory request was completed. (0x12B)
[1223/130051.335:ERROR:process_memory_win.cc(73)] ReadMemory at 0x27a5c7fbb20 of 64 bytes failed: Only part of a ReadProcessMemory or WriteProcessMemory request was completed. (0x12B)
[1223/130051.335:ERROR:process_memory_win.cc(73)] ReadMemory at 0x27a5c7fbb70 of 62 bytes failed: Only part of a ReadProcessMemory or WriteProcessMemory request was completed. (0x12B)
[1223/130051.335:ERROR:process_memory_win.cc(73)] ReadMemory at 0x27a5c7fbbc0 of 64 bytes failed: Only part of a ReadProcessMemory or WriteProcessMemory request was completed. (0x12B)
[1223/130051.335:ERROR:process_memory_win.cc(73)] ReadMemory at 0x27a5c7fbc60 of 64 bytes failed: Only part of a ReadProcessMemory or WriteProcessMemory request was completed. (0x12B)
[1223/130051.335:ERROR:process_memory_win.cc(73)] ReadMemory at 0x27a5c7fbcb0 of 58 bytes failed: Only part of a ReadProcessMemory or WriteProcessMemory request was completed. (0x12B)
[1223/130051.335:ERROR:process_memory_win.cc(73)] ReadMemory at 0x27a5c7fbd00 of 62 bytes failed: Only part of a ReadProcessMemory or WriteProcessMemory request was completed. (0x12B)
[1223/130051.335:ERROR:process_memory_win.cc(73)] ReadMemory at 0x27a5c7fbd50 of 62 bytes failed: Only part of a ReadProcessMemory or WriteProcessMemory request was completed. (0x12B)
[1223/130051.335:ERROR:process_memory_win.cc(73)] ReadMemory at 0x27a5c7fbda0 of 62 bytes failed: Only part of a ReadProcessMemory or WriteProcessMemory request was completed. (0x12B)
[1223/130051.335:ERROR:process_memory_win.cc(73)] ReadMemory at 0x27a5c7fbe40 of 60 bytes failed: Only part of a ReadProcessMemory or WriteProcessMemory request was completed. (0x12B)
[1223/130051.335:ERROR:process_memory_win.cc(73)] ReadMemory at 0x27a5c7fbe90 of 60 bytes failed: Only part of a ReadProcessMemory or WriteProcessMemory request was completed. (0x12B)
[1223/130051.335:ERROR:process_memory_win.cc(73)] ReadMemory at 0x27a5c7fbee0 of 64 bytes failed: Only part of a ReadProcessMemory or WriteProcessMemory request was completed. (0x12B)
[1223/130051.335:ERROR:process_memory_win.cc(73)] ReadMemory at 0x27a5c7fbf30 of 62 bytes failed: Only part of a ReadProcessMemory or WriteProcessMemory request was completed. (0x12B)
[1223/130051.335:ERROR:process_memory_win.cc(73)] ReadMemory at 0x27a5c7fcfb0 of 132 bytes failed: Only part of a ReadProcessMemory or WriteProcessMemory request was completed. (0x12B)
[1223/130051.335:ERROR:process_memory_win.cc(73)] ReadMemory at 0x27a5c7fd0e0 of 132 bytes failed: Only part of a ReadProcessMemory or WriteProcessMemory request was completed. (0x12B)
[1223/130051.335:ERROR:process_memory_win.cc(73)] ReadMemory at 0x27a5c7ffe70 of 132 bytes failed: Only part of a ReadProcessMemory or WriteProcessMemory request was completed. (0x12B)
[1223/130051.335:ERROR:process_memory_win.cc(73)] ReadMemory at 0x27a5c7ffff0 of 132 bytes failed: Only part of a ReadProcessMemory or WriteProcessMemory request was completed. (0x12B)
[1223/130051.335:ERROR:process_memory_win.cc(73)] ReadMemory at 0x27a5c800120 of 132 bytes failed: Only part of a ReadProcessMemory or WriteProcessMemory request was completed. (0x12B)
[1223/130051.336:ERROR:process_memory_win.cc(73)] ReadMemory at 0x27a5c800250 of 132 bytes failed: Only part of a ReadProcessMemory or WriteProcessMemory request was completed. (0x12B)
[1223/130051.336:ERROR:process_memory_win.cc(73)] ReadMemory at 0x27a5c800380 of 132 bytes failed: Only part of a ReadProcessMemory or WriteProcessMemory request was completed. (0x12B)
[1223/130051.336:ERROR:process_memory_win.cc(73)] ReadMemory at 0x27a5c8004b0 of 132 bytes failed: Only part of a ReadProcessMemory or WriteProcessMemory request was completed. (0x12B)
[1223/130051.336:ERROR:process_memory_win.cc(73)] ReadMemory at 0x27a5c800710 of 132 bytes failed: Only part of a ReadProcessMemory or WriteProcessMemory request was completed. (0x12B)
[1223/130051.336:ERROR:process_memory_win.cc(73)] ReadMemory at 0x27a5c800840 of 132 bytes failed: Only part of a ReadProcessMemory or WriteProcessMemory request was completed. (0x12B)
[1223/130051.336:ERROR:process_memory_win.cc(73)] ReadMemory at 0x27a5c800970 of 132 bytes failed: Only part of a ReadProcessMemory or WriteProcessMemory request was completed. (0x12B)
[1223/130051.336:ERROR:process_memory_win.cc(73)] ReadMemory at 0x27a5c800aa0 of 132 bytes failed: Only part of a ReadProcessMemory or WriteProcessMemory request was completed. (0x12B)
[1223/130051.336:ERROR:process_memory_win.cc(73)] ReadMemory at 0x27a5c800bd0 of 132 bytes failed: Only part of a ReadProcessMemory or WriteProcessMemory request was completed. (0x12B)
[1223/130051.336:ERROR:process_memory_win.cc(73)] ReadMemory at 0x27a5c800d00 of 132 bytes failed: Only part of a ReadProcessMemory or WriteProcessMemory request was completed. (0x12B)
[1223/130051.336:ERROR:process_memory_win.cc(73)] ReadMemory at 0x27a5c800e30 of 132 bytes failed: Only part of a ReadProcessMemory or WriteProcessMemory request was completed. (0x12B)
[1223/130051.336:ERROR:process_memory_win.cc(73)] ReadMemory at 0x27a5c801c10 of 132 bytes failed: Only part of a ReadProcessMemory or WriteProcessMemory request was completed. (0x12B)
[1223/130051.336:ERROR:process_memory_win.cc(73)] ReadMemory at 0x27a5c801e70 of 132 bytes failed: Only part of a ReadProcessMemory or WriteProcessMemory request was completed. (0x12B)
[1223/130051.336:ERROR:process_memory_win.cc(73)] ReadMemory at 0x27a5c8020d0 of 132 bytes failed: Only part of a ReadProcessMemory or WriteProcessMemory request was completed. (0x12B)
[1223/130051.336:ERROR:process_memory_win.cc(73)] ReadMemory at 0x27a5c802200 of 132 bytes failed: Only part of a ReadProcessMemory or WriteProcessMemory request was completed. (0x12B)
[1223/130051.336:ERROR:process_memory_win.cc(73)] ReadMemory at 0x27a5c8027f0 of 132 bytes failed: Only part of a ReadProcessMemory or WriteProcessMemory request was completed. (0x12B)
[1223/130051.336:ERROR:process_memory_win.cc(73)] ReadMemory at 0x27a5c802920 of 132 bytes failed: Only part of a ReadProcessMemory or WriteProcessMemory request was completed. (0x12B)
[1223/130051.336:ERROR:process_memory_win.cc(73)] ReadMemory at 0x27a5c802b80 of 132 bytes failed: Only part of a ReadProcessMemory or WriteProcessMemory request was completed. (0x12B)
[1223/130051.336:ERROR:process_memory_win.cc(73)] ReadMemory at 0x27a5c802cb0 of 132 bytes failed: Only part of a ReadProcessMemory or WriteProcessMemory request was completed. (0x12B)
[1223/130051.336:ERROR:process_memory_win.cc(73)] ReadMemory at 0x27a5c802de0 of 132 bytes failed: Only part of a ReadProcessMemory or WriteProcessMemory request was completed. (0x12B)
[1223/130051.336:ERROR:process_memory_win.cc(73)] ReadMemory at 0x27a5c803040 of 132 bytes failed: Only part of a ReadProcessMemory or WriteProcessMemory request was completed. (0x12B)
[1223/130051.336:ERROR:process_memory_win.cc(73)] ReadMemory at 0x27a5c846760 of 512 bytes failed: Only part of a ReadProcessMemory or WriteProcessMemory request was completed. (0x12B)
[1223/130051.337:ERROR:process_memory_win.cc(73)] ReadMemory at 0x27a5c8585a0 of 512 bytes failed: Only part of a ReadProcessMemory or WriteProcessMemory request was completed. (0x12B)
[1223/130051.337:ERROR:process_memory_win.cc(73)] ReadMemory at 0x27a5c8595a0 of 512 bytes failed: Only part of a ReadProcessMemory or WriteProcessMemory request was completed. (0x12B)
[1223/130051.337:ERROR:process_memory_win.cc(73)] ReadMemory at 0x27a5c862e20 of 512 bytes failed: Only part of a ReadProcessMemory or WriteProcessMemory request was completed. (0x12B)
[1223/130051.337:ERROR:process_memory_win.cc(73)] ReadMemory at 0x27a5c872300 of 512 bytes failed: Only part of a ReadProcessMemory or WriteProcessMemory request was completed. (0x12B)
[1223/130051.337:ERROR:process_memory_win.cc(73)] ReadMemory at 0x27a5c877d30 of 512 bytes failed: Only part of a ReadProcessMemory or WriteProcessMemory request was completed. (0x12B)
[1223/130051.337:ERROR:process_memory_win.cc(73)] ReadMemory at 0x27a5c89cc10 of 712 bytes failed: Only part of a ReadProcessMemory or WriteProcessMemory request was completed. (0x12B)
[1223/130051.337:ERROR:process_memory_win.cc(73)] ReadMemory at 0x27a5c8c49a0 of 512 bytes failed: Only part of a ReadProcessMemory or WriteProcessMemory request was completed. (0x12B)
[1223/130051.337:ERROR:process_memory_win.cc(73)] ReadMemory at 0x27a5c8c5c60 of 512 bytes failed: Only part of a ReadProcessMemory or WriteProcessMemory request was completed. (0x12B)
[1223/130051.337:ERROR:process_memory_win.cc(73)] ReadMemory at 0x27a5c8c7a00 of 512 bytes failed: Only part of a ReadProcessMemory or WriteProcessMemory request was completed. (0x12B)
[1223/130051.337:ERROR:process_memory_win.cc(73)] ReadMemory at 0x27a5c8d2c58 of 1808 bytes failed: Only part of a ReadProcessMemory or WriteProcessMemory request was completed. (0x12B)
[1223/130051.337:ERROR:process_memory_win.cc(73)] ReadMemory at 0x27a5c921c00 of 512 bytes failed: Only part of a ReadProcessMemory or WriteProcessMemory request was completed. (0x12B)
[1223/130051.337:ERROR:process_memory_win.cc(73)] ReadMemory at 0x27a5e1d51e0 of 512 bytes failed: Only part of a ReadProcessMemory or WriteProcessMemory request was completed. (0x12B)
[1223/130051.337:ERROR:process_memory_win.cc(73)] ReadMemory at 0x27a5e2b0000 of 384 bytes failed: Only part of a ReadProcessMemory or WriteProcessMemory request was completed. (0x12B)
[1223/130051.337:ERROR:process_memory_win.cc(73)] ReadMemory at 0x27a5e309ab0 of 512 bytes failed: Only part of a ReadProcessMemory or WriteProcessMemory request was completed. (0x12B)
[1223/130051.337:ERROR:process_memory_win.cc(73)] ReadMemory at 0x27a5e396676 of 1056 bytes failed: Only part of a ReadProcessMemory or WriteProcessMemory request was completed. (0x12B)
[1223/130051.337:ERROR:process_memory_win.cc(73)] ReadMemory at 0x27a5e3b0000 of 384 bytes failed: Only part of a ReadProcessMemory or WriteProcessMemory request was completed. (0x12B)
[1223/130051.337:ERROR:process_memory_win.cc(73)] ReadMemory at 0x27a5e467c48 of 512 bytes failed: Only part of a ReadProcessMemory or WriteProcessMemory request was completed. (0x12B)
[1223/130051.337:ERROR:process_memory_win.cc(73)] ReadMemory at 0x27a5e505ea0 of 512 bytes failed: Only part of a ReadProcessMemory or WriteProcessMemory request was completed. (0x12B)
[1223/130051.338:ERROR:process_memory_win.cc(73)] ReadMemory at 0x27a5e5763f0 of 512 bytes failed: Only part of a ReadProcessMemory or WriteProcessMemory request was completed. (0x12B)
[1223/130051.338:ERROR:process_memory_win.cc(73)] ReadMemory at 0x27a5e590020 of 512 bytes failed: Only part of a ReadProcessMemory or WriteProcessMemory request was completed. (0x12B)
[1223/130051.338:ERROR:process_memory_win.cc(73)] ReadMemory at 0x27a5fc56f14 of 512 bytes failed: Only part of a ReadProcessMemory or WriteProcessMemory request was completed. (0x12B)
[1223/130051.338:ERROR:process_memory_win.cc(73)] ReadMemory at 0x7ffd3bb8e407 of 512 bytes failed: Only part of a ReadProcessMemory or WriteProcessMemory request was completed. (0x12B)
[1223/130051.338:ERROR:process_memory_win.cc(73)] ReadMemory at 0x7ffd60b4a917 of 512 bytes failed: Only part of a ReadProcessMemory or WriteProcessMemory request was completed. (0x12B)
[1223/130051.338:ERROR:process_memory_win.cc(73)] ReadMemory at 0x7ffdb35b6292 of 512 bytes failed: Only part of a ReadProcessMemory or WriteProcessMemory request was completed. (0x12B)
[1223/130051.338:ERROR:process_memory_win.cc(73)] ReadMemory at 0x7ffdc4c11fd0 of 512 bytes failed: Only part of a ReadProcessMemory or WriteProcessMemory request was completed. (0x12B)
[1223/130051.338:ERROR:process_memory_win.cc(73)] ReadMemory at 0x7ffdc5e3c6f4 of 672 bytes failed: Only part of a ReadProcessMemory or WriteProcessMemory request was completed. (0x12B)
[1223/130051.338:ERROR:process_memory_win.cc(73)] ReadMemory at 0x7ffdc5e3ffa4 of 608 bytes failed: Only part of a ReadProcessMemory or WriteProcessMemory request was completed. (0x12B)
[1223/130051.338:ERROR:process_memory_win.cc(73)] ReadMemory at 0x7ffdc5ecc428 of 18 bytes failed: Only part of a ReadProcessMemory or WriteProcessMemory request was completed. (0x12B)
[1223/130051.338:ERROR:process_memory_win.cc(73)] ReadMemory at 0x7ffdc5eff4f8 of 40 bytes failed: Only part of a ReadProcessMemory or WriteProcessMemory request was completed. (0x12B)
[1223/130051.338:ERROR:process_memory_win.cc(73)] ReadMemory at 0x7ffdc5eff978 of 48 bytes failed: Only part of a ReadProcessMemory or WriteProcessMemory request was completed. (0x12B)
[1223/130051.338:ERROR:process_memory_win.cc(73)] ReadMemory at 0x7ffdc5f053c0 of 64 bytes failed: Only part of a ReadProcessMemory or WriteProcessMemory request was completed. (0x12B)
[1223/130051.341:ERROR:scoped_process_suspend.cc(40)] NtResumeProcess: An attempt was made to access an exiting process. (0xc000010a)
